error: Error fetching TODOs: Cannot read properties of undefined (reading 'id') {"timestamp":"2024-02-13T04:01:54.212Z"}
error: Failed to fetch TODO at index 0: Error: Test error {"timestamp":"2024-02-13T04:01:54.238Z"}
error: Failed to fetch TODO at index 1: Error: Test error {"timestamp":"2024-02-13T04:01:54.238Z"}
error: Failed to fetch TODO at index 2: Error: Test error {"timestamp":"2024-02-13T04:01:54.238Z"}
error: Failed to fetch TODO at index 3: Error: Test error {"timestamp":"2024-02-13T04:01:54.238Z"}
error: Failed to fetch TODO at index 4: Error: Test error {"timestamp":"2024-02-13T04:01:54.238Z"}
error: Failed to fetch TODO at index 5: Error: Test error {"timestamp":"2024-02-13T04:01:54.238Z"}
error: Failed to fetch TODO at index 6: Error: Test error {"timestamp":"2024-02-13T04:01:54.238Z"}
error: Failed to fetch TODO at index 7: Error: Test error {"timestamp":"2024-02-13T04:01:54.238Z"}
error: Failed to fetch TODO at index 8: Error: Test error {"timestamp":"2024-02-13T04:01:54.238Z"}
error: Failed to fetch TODO at index 9: Error: Test error {"timestamp":"2024-02-13T04:01:54.238Z"}
error: Failed to fetch TODO at index 10: Error: Test error {"timestamp":"2024-02-13T04:01:54.238Z"}
error: Failed to fetch TODO at index 11: Error: Test error {"timestamp":"2024-02-13T04:01:54.238Z"}
error: Failed to fetch TODO at index 12: Error: Test error {"timestamp":"2024-02-13T04:01:54.238Z"}
error: Failed to fetch TODO at index 13: Error: Test error {"timestamp":"2024-02-13T04:01:54.238Z"}
error: Failed to fetch TODO at index 14: Error: Test error {"timestamp":"2024-02-13T04:01:54.238Z"}
error: Failed to fetch TODO at index 15: Error: Test error {"timestamp":"2024-02-13T04:01:54.238Z"}
error: Failed to fetch TODO at index 16: Error: Test error {"timestamp":"2024-02-13T04:01:54.238Z"}
error: Failed to fetch TODO at index 17: Error: Test error {"timestamp":"2024-02-13T04:01:54.238Z"}
error: Failed to fetch TODO at index 18: Error: Test error {"timestamp":"2024-02-13T04:01:54.238Z"}
error: Failed to fetch TODO at index 19: Error: Test error {"timestamp":"2024-02-13T04:01:54.238Z"}
error: Error fetching TODOs: Cannot read properties of undefined (reading 'id') {"timestamp":"2024-02-13T04:05:19.395Z"}
error: Failed to fetch TODO at index 0: Error: Test error {"timestamp":"2024-02-13T04:05:19.423Z"}
error: Failed to fetch TODO at index 1: Error: Test error {"timestamp":"2024-02-13T04:05:19.423Z"}
error: Failed to fetch TODO at index 2: Error: Test error {"timestamp":"2024-02-13T04:05:19.423Z"}
error: Failed to fetch TODO at index 3: Error: Test error {"timestamp":"2024-02-13T04:05:19.423Z"}
error: Failed to fetch TODO at index 4: Error: Test error {"timestamp":"2024-02-13T04:05:19.423Z"}
error: Failed to fetch TODO at index 5: Error: Test error {"timestamp":"2024-02-13T04:05:19.423Z"}
error: Failed to fetch TODO at index 6: Error: Test error {"timestamp":"2024-02-13T04:05:19.423Z"}
error: Failed to fetch TODO at index 7: Error: Test error {"timestamp":"2024-02-13T04:05:19.423Z"}
error: Failed to fetch TODO at index 8: Error: Test error {"timestamp":"2024-02-13T04:05:19.423Z"}
error: Failed to fetch TODO at index 9: Error: Test error {"timestamp":"2024-02-13T04:05:19.423Z"}
error: Failed to fetch TODO at index 10: Error: Test error {"timestamp":"2024-02-13T04:05:19.423Z"}
error: Failed to fetch TODO at index 11: Error: Test error {"timestamp":"2024-02-13T04:05:19.423Z"}
error: Failed to fetch TODO at index 12: Error: Test error {"timestamp":"2024-02-13T04:05:19.424Z"}
error: Failed to fetch TODO at index 13: Error: Test error {"timestamp":"2024-02-13T04:05:19.424Z"}
error: Failed to fetch TODO at index 14: Error: Test error {"timestamp":"2024-02-13T04:05:19.424Z"}
error: Failed to fetch TODO at index 15: Error: Test error {"timestamp":"2024-02-13T04:05:19.424Z"}
error: Failed to fetch TODO at index 16: Error: Test error {"timestamp":"2024-02-13T04:05:19.424Z"}
error: Failed to fetch TODO at index 17: Error: Test error {"timestamp":"2024-02-13T04:05:19.424Z"}
error: Failed to fetch TODO at index 18: Error: Test error {"timestamp":"2024-02-13T04:05:19.424Z"}
error: Failed to fetch TODO at index 19: Error: Test error {"timestamp":"2024-02-13T04:05:19.424Z"}
error: Error fetching TODOs: Cannot read properties of undefined (reading 'id') {"timestamp":"2024-02-13T04:05:46.829Z"}
error: Failed to fetch TODO at index 0: Error: Test error {"timestamp":"2024-02-13T04:05:46.863Z"}
error: Failed to fetch TODO at index 1: Error: Test error {"timestamp":"2024-02-13T04:05:46.863Z"}
error: Failed to fetch TODO at index 2: Error: Test error {"timestamp":"2024-02-13T04:05:46.863Z"}
error: Failed to fetch TODO at index 3: Error: Test error {"timestamp":"2024-02-13T04:05:46.863Z"}
error: Failed to fetch TODO at index 4: Error: Test error {"timestamp":"2024-02-13T04:05:46.863Z"}
error: Failed to fetch TODO at index 5: Error: Test error {"timestamp":"2024-02-13T04:05:46.863Z"}
error: Failed to fetch TODO at index 6: Error: Test error {"timestamp":"2024-02-13T04:05:46.864Z"}
error: Failed to fetch TODO at index 7: Error: Test error {"timestamp":"2024-02-13T04:05:46.864Z"}
error: Failed to fetch TODO at index 8: Error: Test error {"timestamp":"2024-02-13T04:05:46.864Z"}
error: Failed to fetch TODO at index 9: Error: Test error {"timestamp":"2024-02-13T04:05:46.864Z"}
error: Failed to fetch TODO at index 10: Error: Test error {"timestamp":"2024-02-13T04:05:46.864Z"}
error: Failed to fetch TODO at index 11: Error: Test error {"timestamp":"2024-02-13T04:05:46.864Z"}
error: Failed to fetch TODO at index 12: Error: Test error {"timestamp":"2024-02-13T04:05:46.864Z"}
error: Failed to fetch TODO at index 13: Error: Test error {"timestamp":"2024-02-13T04:05:46.864Z"}
error: Failed to fetch TODO at index 14: Error: Test error {"timestamp":"2024-02-13T04:05:46.864Z"}
error: Failed to fetch TODO at index 15: Error: Test error {"timestamp":"2024-02-13T04:05:46.864Z"}
error: Failed to fetch TODO at index 16: Error: Test error {"timestamp":"2024-02-13T04:05:46.864Z"}
error: Failed to fetch TODO at index 17: Error: Test error {"timestamp":"2024-02-13T04:05:46.864Z"}
error: Failed to fetch TODO at index 18: Error: Test error {"timestamp":"2024-02-13T04:05:46.864Z"}
error: Failed to fetch TODO at index 19: Error: Test error {"timestamp":"2024-02-13T04:05:46.864Z"}
error: Error fetching TODOs: Cannot read properties of undefined (reading 'id') {"timestamp":"2024-02-14T01:34:59.356Z"}
error: Failed to fetch TODO at index 0: Error: Test error {"timestamp":"2024-02-14T01:34:59.387Z"}
error: Failed to fetch TODO at index 1: Error: Test error {"timestamp":"2024-02-14T01:34:59.387Z"}
error: Failed to fetch TODO at index 2: Error: Test error {"timestamp":"2024-02-14T01:34:59.387Z"}
error: Failed to fetch TODO at index 3: Error: Test error {"timestamp":"2024-02-14T01:34:59.387Z"}
error: Failed to fetch TODO at index 4: Error: Test error {"timestamp":"2024-02-14T01:34:59.387Z"}
error: Failed to fetch TODO at index 5: Error: Test error {"timestamp":"2024-02-14T01:34:59.387Z"}
error: Failed to fetch TODO at index 6: Error: Test error {"timestamp":"2024-02-14T01:34:59.387Z"}
error: Failed to fetch TODO at index 7: Error: Test error {"timestamp":"2024-02-14T01:34:59.387Z"}
error: Failed to fetch TODO at index 8: Error: Test error {"timestamp":"2024-02-14T01:34:59.387Z"}
error: Failed to fetch TODO at index 9: Error: Test error {"timestamp":"2024-02-14T01:34:59.387Z"}
error: Failed to fetch TODO at index 10: Error: Test error {"timestamp":"2024-02-14T01:34:59.387Z"}
error: Failed to fetch TODO at index 11: Error: Test error {"timestamp":"2024-02-14T01:34:59.387Z"}
error: Failed to fetch TODO at index 12: Error: Test error {"timestamp":"2024-02-14T01:34:59.387Z"}
error: Failed to fetch TODO at index 13: Error: Test error {"timestamp":"2024-02-14T01:34:59.387Z"}
error: Failed to fetch TODO at index 14: Error: Test error {"timestamp":"2024-02-14T01:34:59.388Z"}
error: Failed to fetch TODO at index 15: Error: Test error {"timestamp":"2024-02-14T01:34:59.388Z"}
error: Failed to fetch TODO at index 16: Error: Test error {"timestamp":"2024-02-14T01:34:59.388Z"}
error: Failed to fetch TODO at index 17: Error: Test error {"timestamp":"2024-02-14T01:34:59.388Z"}
error: Failed to fetch TODO at index 18: Error: Test error {"timestamp":"2024-02-14T01:34:59.388Z"}
error: Failed to fetch TODO at index 19: Error: Test error {"timestamp":"2024-02-14T01:34:59.388Z"}
error: Error fetching TODOs: Cannot read properties of undefined (reading 'id') {"timestamp":"2024-02-14T01:36:35.939Z"}
error: Failed to fetch TODO at index 0: Error: Test error {"timestamp":"2024-02-14T01:36:35.974Z"}
error: Failed to fetch TODO at index 1: Error: Test error {"timestamp":"2024-02-14T01:36:35.974Z"}
error: Failed to fetch TODO at index 2: Error: Test error {"timestamp":"2024-02-14T01:36:35.974Z"}
error: Failed to fetch TODO at index 3: Error: Test error {"timestamp":"2024-02-14T01:36:35.974Z"}
error: Failed to fetch TODO at index 4: Error: Test error {"timestamp":"2024-02-14T01:36:35.974Z"}
error: Failed to fetch TODO at index 5: Error: Test error {"timestamp":"2024-02-14T01:36:35.974Z"}
error: Failed to fetch TODO at index 6: Error: Test error {"timestamp":"2024-02-14T01:36:35.974Z"}
error: Failed to fetch TODO at index 7: Error: Test error {"timestamp":"2024-02-14T01:36:35.974Z"}
error: Failed to fetch TODO at index 8: Error: Test error {"timestamp":"2024-02-14T01:36:35.974Z"}
error: Failed to fetch TODO at index 9: Error: Test error {"timestamp":"2024-02-14T01:36:35.974Z"}
error: Failed to fetch TODO at index 10: Error: Test error {"timestamp":"2024-02-14T01:36:35.974Z"}
error: Failed to fetch TODO at index 11: Error: Test error {"timestamp":"2024-02-14T01:36:35.974Z"}
error: Failed to fetch TODO at index 12: Error: Test error {"timestamp":"2024-02-14T01:36:35.975Z"}
error: Failed to fetch TODO at index 13: Error: Test error {"timestamp":"2024-02-14T01:36:35.975Z"}
error: Failed to fetch TODO at index 14: Error: Test error {"timestamp":"2024-02-14T01:36:35.975Z"}
error: Failed to fetch TODO at index 15: Error: Test error {"timestamp":"2024-02-14T01:36:35.975Z"}
error: Failed to fetch TODO at index 16: Error: Test error {"timestamp":"2024-02-14T01:36:35.975Z"}
error: Failed to fetch TODO at index 17: Error: Test error {"timestamp":"2024-02-14T01:36:35.975Z"}
error: Failed to fetch TODO at index 18: Error: Test error {"timestamp":"2024-02-14T01:36:35.975Z"}
error: Failed to fetch TODO at index 19: Error: Test error {"timestamp":"2024-02-14T01:36:35.975Z"}
error: Error fetching TODOs: Cannot read properties of undefined (reading 'id') {"timestamp":"2024-02-14T01:37:04.348Z"}
error: Failed to fetch TODO at index 0: Error: Test error {"timestamp":"2024-02-14T01:37:04.385Z"}
error: Failed to fetch TODO at index 1: Error: Test error {"timestamp":"2024-02-14T01:37:04.385Z"}
error: Failed to fetch TODO at index 2: Error: Test error {"timestamp":"2024-02-14T01:37:04.385Z"}
error: Failed to fetch TODO at index 3: Error: Test error {"timestamp":"2024-02-14T01:37:04.385Z"}
error: Failed to fetch TODO at index 4: Error: Test error {"timestamp":"2024-02-14T01:37:04.385Z"}
error: Failed to fetch TODO at index 5: Error: Test error {"timestamp":"2024-02-14T01:37:04.386Z"}
error: Failed to fetch TODO at index 6: Error: Test error {"timestamp":"2024-02-14T01:37:04.386Z"}
error: Failed to fetch TODO at index 7: Error: Test error {"timestamp":"2024-02-14T01:37:04.386Z"}
error: Failed to fetch TODO at index 8: Error: Test error {"timestamp":"2024-02-14T01:37:04.386Z"}
error: Failed to fetch TODO at index 9: Error: Test error {"timestamp":"2024-02-14T01:37:04.386Z"}
error: Failed to fetch TODO at index 10: Error: Test error {"timestamp":"2024-02-14T01:37:04.386Z"}
error: Failed to fetch TODO at index 11: Error: Test error {"timestamp":"2024-02-14T01:37:04.386Z"}
error: Failed to fetch TODO at index 12: Error: Test error {"timestamp":"2024-02-14T01:37:04.388Z"}
error: Failed to fetch TODO at index 13: Error: Test error {"timestamp":"2024-02-14T01:37:04.388Z"}
error: Failed to fetch TODO at index 14: Error: Test error {"timestamp":"2024-02-14T01:37:04.389Z"}
error: Failed to fetch TODO at index 15: Error: Test error {"timestamp":"2024-02-14T01:37:04.389Z"}
error: Failed to fetch TODO at index 16: Error: Test error {"timestamp":"2024-02-14T01:37:04.389Z"}
error: Failed to fetch TODO at index 17: Error: Test error {"timestamp":"2024-02-14T01:37:04.389Z"}
error: Failed to fetch TODO at index 18: Error: Test error {"timestamp":"2024-02-14T01:37:04.389Z"}
error: Failed to fetch TODO at index 19: Error: Test error {"timestamp":"2024-02-14T01:37:04.389Z"}
error: Error fetching TODOs: Cannot read properties of undefined (reading 'id') {"timestamp":"2024-02-14T01:37:15.131Z"}
error: Failed to fetch TODO at index 0: Error: Test error {"timestamp":"2024-02-14T01:37:15.164Z"}
error: Failed to fetch TODO at index 1: Error: Test error {"timestamp":"2024-02-14T01:37:15.164Z"}
error: Failed to fetch TODO at index 2: Error: Test error {"timestamp":"2024-02-14T01:37:15.164Z"}
error: Failed to fetch TODO at index 3: Error: Test error {"timestamp":"2024-02-14T01:37:15.164Z"}
error: Failed to fetch TODO at index 4: Error: Test error {"timestamp":"2024-02-14T01:37:15.165Z"}
error: Failed to fetch TODO at index 5: Error: Test error {"timestamp":"2024-02-14T01:37:15.165Z"}
error: Failed to fetch TODO at index 6: Error: Test error {"timestamp":"2024-02-14T01:37:15.165Z"}
error: Failed to fetch TODO at index 7: Error: Test error {"timestamp":"2024-02-14T01:37:15.165Z"}
error: Failed to fetch TODO at index 8: Error: Test error {"timestamp":"2024-02-14T01:37:15.165Z"}
error: Failed to fetch TODO at index 9: Error: Test error {"timestamp":"2024-02-14T01:37:15.165Z"}
error: Failed to fetch TODO at index 10: Error: Test error {"timestamp":"2024-02-14T01:37:15.165Z"}
error: Failed to fetch TODO at index 11: Error: Test error {"timestamp":"2024-02-14T01:37:15.166Z"}
error: Failed to fetch TODO at index 12: Error: Test error {"timestamp":"2024-02-14T01:37:15.166Z"}
error: Failed to fetch TODO at index 13: Error: Test error {"timestamp":"2024-02-14T01:37:15.166Z"}
error: Failed to fetch TODO at index 14: Error: Test error {"timestamp":"2024-02-14T01:37:15.166Z"}
error: Failed to fetch TODO at index 15: Error: Test error {"timestamp":"2024-02-14T01:37:15.166Z"}
error: Failed to fetch TODO at index 16: Error: Test error {"timestamp":"2024-02-14T01:37:15.166Z"}
error: Failed to fetch TODO at index 17: Error: Test error {"timestamp":"2024-02-14T01:37:15.167Z"}
error: Failed to fetch TODO at index 18: Error: Test error {"timestamp":"2024-02-14T01:37:15.167Z"}
error: Failed to fetch TODO at index 19: Error: Test error {"timestamp":"2024-02-14T01:37:15.167Z"}
error: Error fetching TODOs: Cannot read properties of undefined (reading 'id') {"timestamp":"2024-02-14T01:37:25.187Z"}
error: Failed to fetch TODO at index 0: Error: Test error {"timestamp":"2024-02-14T01:37:25.224Z"}
error: Failed to fetch TODO at index 1: Error: Test error {"timestamp":"2024-02-14T01:37:25.224Z"}
error: Failed to fetch TODO at index 2: Error: Test error {"timestamp":"2024-02-14T01:37:25.225Z"}
error: Failed to fetch TODO at index 3: Error: Test error {"timestamp":"2024-02-14T01:37:25.225Z"}
error: Failed to fetch TODO at index 4: Error: Test error {"timestamp":"2024-02-14T01:37:25.225Z"}
error: Failed to fetch TODO at index 5: Error: Test error {"timestamp":"2024-02-14T01:37:25.225Z"}
error: Failed to fetch TODO at index 6: Error: Test error {"timestamp":"2024-02-14T01:37:25.226Z"}
error: Failed to fetch TODO at index 7: Error: Test error {"timestamp":"2024-02-14T01:37:25.226Z"}
error: Failed to fetch TODO at index 8: Error: Test error {"timestamp":"2024-02-14T01:37:25.226Z"}
error: Failed to fetch TODO at index 9: Error: Test error {"timestamp":"2024-02-14T01:37:25.226Z"}
error: Failed to fetch TODO at index 10: Error: Test error {"timestamp":"2024-02-14T01:37:25.226Z"}
error: Failed to fetch TODO at index 11: Error: Test error {"timestamp":"2024-02-14T01:37:25.226Z"}
error: Failed to fetch TODO at index 12: Error: Test error {"timestamp":"2024-02-14T01:37:25.226Z"}
error: Failed to fetch TODO at index 13: Error: Test error {"timestamp":"2024-02-14T01:37:25.226Z"}
error: Failed to fetch TODO at index 14: Error: Test error {"timestamp":"2024-02-14T01:37:25.226Z"}
error: Failed to fetch TODO at index 15: Error: Test error {"timestamp":"2024-02-14T01:37:25.226Z"}
error: Failed to fetch TODO at index 16: Error: Test error {"timestamp":"2024-02-14T01:37:25.226Z"}
error: Failed to fetch TODO at index 17: Error: Test error {"timestamp":"2024-02-14T01:37:25.226Z"}
error: Failed to fetch TODO at index 18: Error: Test error {"timestamp":"2024-02-14T01:37:25.226Z"}
error: Failed to fetch TODO at index 19: Error: Test error {"timestamp":"2024-02-14T01:37:25.226Z"}
error: Error fetching TODOs: Cannot read properties of undefined (reading 'id') {"timestamp":"2024-02-14T01:38:08.313Z"}
error: Failed to fetch TODO at index 0: Error: Test error {"timestamp":"2024-02-14T01:38:08.338Z"}
error: Failed to fetch TODO at index 1: Error: Test error {"timestamp":"2024-02-14T01:38:08.338Z"}
error: Failed to fetch TODO at index 2: Error: Test error {"timestamp":"2024-02-14T01:38:08.338Z"}
error: Failed to fetch TODO at index 3: Error: Test error {"timestamp":"2024-02-14T01:38:08.338Z"}
error: Failed to fetch TODO at index 4: Error: Test error {"timestamp":"2024-02-14T01:38:08.339Z"}
error: Failed to fetch TODO at index 5: Error: Test error {"timestamp":"2024-02-14T01:38:08.339Z"}
error: Failed to fetch TODO at index 6: Error: Test error {"timestamp":"2024-02-14T01:38:08.339Z"}
error: Failed to fetch TODO at index 7: Error: Test error {"timestamp":"2024-02-14T01:38:08.339Z"}
error: Failed to fetch TODO at index 8: Error: Test error {"timestamp":"2024-02-14T01:38:08.339Z"}
error: Failed to fetch TODO at index 9: Error: Test error {"timestamp":"2024-02-14T01:38:08.339Z"}
error: Failed to fetch TODO at index 10: Error: Test error {"timestamp":"2024-02-14T01:38:08.339Z"}
error: Failed to fetch TODO at index 11: Error: Test error {"timestamp":"2024-02-14T01:38:08.339Z"}
error: Failed to fetch TODO at index 12: Error: Test error {"timestamp":"2024-02-14T01:38:08.339Z"}
error: Failed to fetch TODO at index 13: Error: Test error {"timestamp":"2024-02-14T01:38:08.339Z"}
error: Failed to fetch TODO at index 14: Error: Test error {"timestamp":"2024-02-14T01:38:08.339Z"}
error: Failed to fetch TODO at index 15: Error: Test error {"timestamp":"2024-02-14T01:38:08.339Z"}
error: Failed to fetch TODO at index 16: Error: Test error {"timestamp":"2024-02-14T01:38:08.339Z"}
error: Failed to fetch TODO at index 17: Error: Test error {"timestamp":"2024-02-14T01:38:08.339Z"}
error: Failed to fetch TODO at index 18: Error: Test error {"timestamp":"2024-02-14T01:38:08.339Z"}
error: Failed to fetch TODO at index 19: Error: Test error {"timestamp":"2024-02-14T01:38:08.339Z"}
info: makeRequest request: {"method":"get","url":"https://jsonplaceholder.typicode.com/todos/2"} {"timestamp":"2024-02-14T01:38:30.730Z"}
info: makeRequest request: {"method":"get","url":"https://jsonplaceholder.typicode.com/todos/4"} {"timestamp":"2024-02-14T01:38:30.756Z"}
info: makeRequest request: {"method":"get","url":"https://jsonplaceholder.typicode.com/todos/6"} {"timestamp":"2024-02-14T01:38:30.758Z"}
info: makeRequest request: {"method":"get","url":"https://jsonplaceholder.typicode.com/todos/8"} {"timestamp":"2024-02-14T01:38:30.758Z"}
info: makeRequest request: {"method":"get","url":"https://jsonplaceholder.typicode.com/todos/10"} {"timestamp":"2024-02-14T01:38:30.759Z"}
info: makeRequest request: {"method":"get","url":"https://jsonplaceholder.typicode.com/todos/12"} {"timestamp":"2024-02-14T01:38:30.759Z"}
info: makeRequest request: {"method":"get","url":"https://jsonplaceholder.typicode.com/todos/14"} {"timestamp":"2024-02-14T01:38:30.760Z"}
info: makeRequest request: {"method":"get","url":"https://jsonplaceholder.typicode.com/todos/16"} {"timestamp":"2024-02-14T01:38:30.761Z"}
info: makeRequest request: {"method":"get","url":"https://jsonplaceholder.typicode.com/todos/18"} {"timestamp":"2024-02-14T01:38:30.761Z"}
info: makeRequest request: {"method":"get","url":"https://jsonplaceholder.typicode.com/todos/20"} {"timestamp":"2024-02-14T01:38:30.762Z"}
info: makeRequest request: {"method":"get","url":"https://jsonplaceholder.typicode.com/todos/22"} {"timestamp":"2024-02-14T01:38:30.763Z"}
info: makeRequest request: {"method":"get","url":"https://jsonplaceholder.typicode.com/todos/24"} {"timestamp":"2024-02-14T01:38:30.764Z"}
info: makeRequest request: {"method":"get","url":"https://jsonplaceholder.typicode.com/todos/26"} {"timestamp":"2024-02-14T01:38:30.764Z"}
info: makeRequest request: {"method":"get","url":"https://jsonplaceholder.typicode.com/todos/28"} {"timestamp":"2024-02-14T01:38:30.765Z"}
info: makeRequest request: {"method":"get","url":"https://jsonplaceholder.typicode.com/todos/30"} {"timestamp":"2024-02-14T01:38:30.765Z"}
info: makeRequest request: {"method":"get","url":"https://jsonplaceholder.typicode.com/todos/32"} {"timestamp":"2024-02-14T01:38:30.766Z"}
info: makeRequest request: {"method":"get","url":"https://jsonplaceholder.typicode.com/todos/34"} {"timestamp":"2024-02-14T01:38:30.766Z"}
info: makeRequest request: {"method":"get","url":"https://jsonplaceholder.typicode.com/todos/36"} {"timestamp":"2024-02-14T01:38:30.767Z"}
info: makeRequest request: {"method":"get","url":"https://jsonplaceholder.typicode.com/todos/38"} {"timestamp":"2024-02-14T01:38:30.767Z"}
info: makeRequest request: {"method":"get","url":"https://jsonplaceholder.typicode.com/todos/40"} {"timestamp":"2024-02-14T01:38:30.767Z"}
info: makeRequest response: {"userId":1,"id":2,"title":"quis ut nam facilis et officia qui","completed":false} {"timestamp":"2024-02-14T01:38:30.981Z"}
info: makeRequest response: {"userId":1,"id":6,"title":"qui ullam ratione quibusdam voluptatem quia omnis","completed":false} {"timestamp":"2024-02-14T01:38:30.981Z"}
info: makeRequest response: {"userId":1,"id":8,"title":"quo adipisci enim quam ut ab","completed":true} {"timestamp":"2024-02-14T01:38:31.792Z"}
info: makeRequest response: {"userId":1,"id":16,"title":"accusamus eos facilis sint et aut voluptatem","completed":true} {"timestamp":"2024-02-14T01:38:31.792Z"}
info: makeRequest response: {"userId":2,"id":34,"title":"porro aut necessitatibus eaque distinctio","completed":false} {"timestamp":"2024-02-14T01:38:31.792Z"}
info: makeRequest response: {"userId":2,"id":30,"title":"nemo perspiciatis repellat ut dolor libero commodi blanditiis omnis","completed":true} {"timestamp":"2024-02-14T01:38:31.792Z"}
info: makeRequest response: {"userId":2,"id":24,"title":"adipisci non ad dicta qui amet quaerat doloribus ea","completed":false} {"timestamp":"2024-02-14T01:38:31.793Z"}
info: makeRequest response: {"userId":1,"id":10,"title":"illo est ratione doloremque quia maiores aut","completed":true} {"timestamp":"2024-02-14T01:38:31.805Z"}
info: makeRequest response: {"userId":1,"id":12,"title":"ipsa repellendus fugit nisi","completed":true} {"timestamp":"2024-02-14T01:38:31.805Z"}
info: makeRequest response: {"userId":2,"id":26,"title":"aliquam aut quasi","completed":true} {"timestamp":"2024-02-14T01:38:31.805Z"}
info: makeRequest response: {"userId":2,"id":40,"title":"totam atque quo nesciunt","completed":true} {"timestamp":"2024-02-14T01:38:31.806Z"}
info: makeRequest response: {"userId":1,"id":20,"title":"ullam nobis libero sapiente ad optio sint","completed":true} {"timestamp":"2024-02-14T01:38:31.806Z"}
info: makeRequest response: {"userId":2,"id":36,"title":"excepturi deleniti adipisci voluptatem et neque optio illum ad","completed":true} {"timestamp":"2024-02-14T01:38:31.807Z"}
info: makeRequest response: {"userId":2,"id":22,"title":"distinctio vitae autem nihil ut molestias quo","completed":true} {"timestamp":"2024-02-14T01:38:31.807Z"}
info: makeRequest response: {"userId":2,"id":38,"title":"totam quia non","completed":false} {"timestamp":"2024-02-14T01:38:31.807Z"}
info: makeRequest response: {"userId":2,"id":28,"title":"nesciunt totam sit blanditiis sit","completed":false} {"timestamp":"2024-02-14T01:38:31.807Z"}
info: makeRequest response: {"userId":1,"id":18,"title":"dolorum est consequatur ea mollitia in culpa","completed":false} {"timestamp":"2024-02-14T01:38:31.807Z"}
info: makeRequest response: {"userId":1,"id":14,"title":"repellendus sunt dolores architecto voluptatum","completed":true} {"timestamp":"2024-02-14T01:38:31.808Z"}
info: makeRequest response: {"userId":1,"id":4,"title":"et porro tempora","completed":true} {"timestamp":"2024-02-14T01:38:31.808Z"}
info: makeRequest response: {"userId":2,"id":32,"title":"earum doloribus ea doloremque quis","completed":false} {"timestamp":"2024-02-14T01:38:31.808Z"}
info: makeRequest request: {"method":"get","url":"https://jsonplaceholder.typicode.com/todos/2"} {"timestamp":"2024-02-14T01:46:19.125Z"}
info: makeRequest request: {"method":"get","url":"https://jsonplaceholder.typicode.com/todos/4"} {"timestamp":"2024-02-14T01:46:19.149Z"}
info: makeRequest request: {"method":"get","url":"https://jsonplaceholder.typicode.com/todos/6"} {"timestamp":"2024-02-14T01:46:19.151Z"}
info: makeRequest request: {"method":"get","url":"https://jsonplaceholder.typicode.com/todos/8"} {"timestamp":"2024-02-14T01:46:19.152Z"}
info: makeRequest request: {"method":"get","url":"https://jsonplaceholder.typicode.com/todos/10"} {"timestamp":"2024-02-14T01:46:19.152Z"}
info: makeRequest request: {"method":"get","url":"https://jsonplaceholder.typicode.com/todos/12"} {"timestamp":"2024-02-14T01:46:19.153Z"}
info: makeRequest request: {"method":"get","url":"https://jsonplaceholder.typicode.com/todos/14"} {"timestamp":"2024-02-14T01:46:19.154Z"}
info: makeRequest request: {"method":"get","url":"https://jsonplaceholder.typicode.com/todos/16"} {"timestamp":"2024-02-14T01:46:19.154Z"}
info: makeRequest request: {"method":"get","url":"https://jsonplaceholder.typicode.com/todos/18"} {"timestamp":"2024-02-14T01:46:19.155Z"}
info: makeRequest request: {"method":"get","url":"https://jsonplaceholder.typicode.com/todos/20"} {"timestamp":"2024-02-14T01:46:19.155Z"}
info: makeRequest request: {"method":"get","url":"https://jsonplaceholder.typicode.com/todos/22"} {"timestamp":"2024-02-14T01:46:19.156Z"}
info: makeRequest request: {"method":"get","url":"https://jsonplaceholder.typicode.com/todos/24"} {"timestamp":"2024-02-14T01:46:19.156Z"}
info: makeRequest request: {"method":"get","url":"https://jsonplaceholder.typicode.com/todos/26"} {"timestamp":"2024-02-14T01:46:19.157Z"}
info: makeRequest request: {"method":"get","url":"https://jsonplaceholder.typicode.com/todos/28"} {"timestamp":"2024-02-14T01:46:19.157Z"}
info: makeRequest request: {"method":"get","url":"https://jsonplaceholder.typicode.com/todos/30"} {"timestamp":"2024-02-14T01:46:19.158Z"}
info: makeRequest request: {"method":"get","url":"https://jsonplaceholder.typicode.com/todos/32"} {"timestamp":"2024-02-14T01:46:19.159Z"}
info: makeRequest request: {"method":"get","url":"https://jsonplaceholder.typicode.com/todos/34"} {"timestamp":"2024-02-14T01:46:19.159Z"}
info: makeRequest request: {"method":"get","url":"https://jsonplaceholder.typicode.com/todos/36"} {"timestamp":"2024-02-14T01:46:19.159Z"}
info: makeRequest request: {"method":"get","url":"https://jsonplaceholder.typicode.com/todos/38"} {"timestamp":"2024-02-14T01:46:19.160Z"}
info: makeRequest request: {"method":"get","url":"https://jsonplaceholder.typicode.com/todos/40"} {"timestamp":"2024-02-14T01:46:19.160Z"}
info: makeRequest response: {"userId":2,"id":30,"title":"nemo perspiciatis repellat ut dolor libero commodi blanditiis omnis","completed":true} {"timestamp":"2024-02-14T01:46:19.330Z"}
info: makeRequest response: {"userId":1,"id":2,"title":"quis ut nam facilis et officia qui","completed":false} {"timestamp":"2024-02-14T01:46:19.354Z"}
info: makeRequest response: {"userId":2,"id":38,"title":"totam quia non","completed":false} {"timestamp":"2024-02-14T01:46:19.356Z"}
info: makeRequest response: {"userId":2,"id":40,"title":"totam atque quo nesciunt","completed":true} {"timestamp":"2024-02-14T01:46:19.360Z"}
info: makeRequest response: {"userId":1,"id":16,"title":"accusamus eos facilis sint et aut voluptatem","completed":true} {"timestamp":"2024-02-14T01:46:19.370Z"}
info: makeRequest response: {"userId":2,"id":24,"title":"adipisci non ad dicta qui amet quaerat doloribus ea","completed":false} {"timestamp":"2024-02-14T01:46:19.379Z"}
info: makeRequest response: {"userId":1,"id":4,"title":"et porro tempora","completed":true} {"timestamp":"2024-02-14T01:46:20.176Z"}
info: makeRequest response: {"userId":2,"id":36,"title":"excepturi deleniti adipisci voluptatem et neque optio illum ad","completed":true} {"timestamp":"2024-02-14T01:46:20.176Z"}
info: makeRequest response: {"userId":2,"id":28,"title":"nesciunt totam sit blanditiis sit","completed":false} {"timestamp":"2024-02-14T01:46:20.176Z"}
info: makeRequest response: {"userId":2,"id":26,"title":"aliquam aut quasi","completed":true} {"timestamp":"2024-02-14T01:46:20.176Z"}
info: makeRequest response: {"userId":2,"id":32,"title":"earum doloribus ea doloremque quis","completed":false} {"timestamp":"2024-02-14T01:46:20.176Z"}
info: makeRequest response: {"userId":1,"id":14,"title":"repellendus sunt dolores architecto voluptatum","completed":true} {"timestamp":"2024-02-14T01:46:20.177Z"}
info: makeRequest response: {"userId":1,"id":6,"title":"qui ullam ratione quibusdam voluptatem quia omnis","completed":false} {"timestamp":"2024-02-14T01:46:20.177Z"}
info: makeRequest response: {"userId":2,"id":22,"title":"distinctio vitae autem nihil ut molestias quo","completed":true} {"timestamp":"2024-02-14T01:46:20.177Z"}
info: makeRequest response: {"userId":1,"id":18,"title":"dolorum est consequatur ea mollitia in culpa","completed":false} {"timestamp":"2024-02-14T01:46:20.177Z"}
info: makeRequest response: {"userId":1,"id":20,"title":"ullam nobis libero sapiente ad optio sint","completed":true} {"timestamp":"2024-02-14T01:46:20.177Z"}
info: makeRequest response: {"userId":1,"id":12,"title":"ipsa repellendus fugit nisi","completed":true} {"timestamp":"2024-02-14T01:46:20.179Z"}
info: makeRequest response: {"userId":1,"id":10,"title":"illo est ratione doloremque quia maiores aut","completed":true} {"timestamp":"2024-02-14T01:46:20.179Z"}
info: makeRequest response: {"userId":2,"id":34,"title":"porro aut necessitatibus eaque distinctio","completed":false} {"timestamp":"2024-02-14T01:46:20.179Z"}
info: makeRequest response: {"userId":1,"id":8,"title":"quo adipisci enim quam ut ab","completed":true} {"timestamp":"2024-02-14T01:46:20.179Z"}
info: makeRequest request: {"method":"get","url":"https://jsonplaceholder.typicode.com/todos/2"} {"timestamp":"2024-02-14T01:49:54.839Z"}
info: makeRequest request: {"method":"get","url":"https://jsonplaceholder.typicode.com/todos/4"} {"timestamp":"2024-02-14T01:49:54.861Z"}
info: makeRequest request: {"method":"get","url":"https://jsonplaceholder.typicode.com/todos/6"} {"timestamp":"2024-02-14T01:49:54.863Z"}
info: makeRequest request: {"method":"get","url":"https://jsonplaceholder.typicode.com/todos/8"} {"timestamp":"2024-02-14T01:49:54.863Z"}
info: makeRequest request: {"method":"get","url":"https://jsonplaceholder.typicode.com/todos/10"} {"timestamp":"2024-02-14T01:49:54.864Z"}
info: makeRequest response: {"userId":1,"id":2,"title":"quis ut nam facilis et officia qui","completed":false} {"timestamp":"2024-02-14T01:49:55.130Z"}
info: makeRequest response: {"userId":1,"id":10,"title":"illo est ratione doloremque quia maiores aut","completed":true} {"timestamp":"2024-02-14T01:49:55.131Z"}
info: makeRequest response: {"userId":1,"id":6,"title":"qui ullam ratione quibusdam voluptatem quia omnis","completed":false} {"timestamp":"2024-02-14T01:49:55.865Z"}
info: makeRequest response: {"userId":1,"id":8,"title":"quo adipisci enim quam ut ab","completed":true} {"timestamp":"2024-02-14T01:49:55.866Z"}
info: makeRequest response: {"userId":1,"id":4,"title":"et porro tempora","completed":true} {"timestamp":"2024-02-14T01:49:55.883Z"}
info: makeRequest request: {"method":"get","url":"https://jsonplaceholder.typicode.com/todos/2"} {"timestamp":"2024-02-14T01:51:19.418Z"}
info: makeRequest request: {"method":"get","url":"https://jsonplaceholder.typicode.com/todos/4"} {"timestamp":"2024-02-14T01:51:19.440Z"}
info: makeRequest request: {"method":"get","url":"https://jsonplaceholder.typicode.com/todos/6"} {"timestamp":"2024-02-14T01:51:19.441Z"}
info: makeRequest request: {"method":"get","url":"https://jsonplaceholder.typicode.com/todos/8"} {"timestamp":"2024-02-14T01:51:19.442Z"}
info: makeRequest request: {"method":"get","url":"https://jsonplaceholder.typicode.com/todos/10"} {"timestamp":"2024-02-14T01:51:19.442Z"}
info: makeRequest response: {"userId":1,"id":2,"title":"quis ut nam facilis et officia qui","completed":false} {"timestamp":"2024-02-14T01:51:19.656Z"}
info: makeRequest response: {"userId":1,"id":6,"title":"qui ullam ratione quibusdam voluptatem quia omnis","completed":false} {"timestamp":"2024-02-14T01:51:19.678Z"}
info: makeRequest response: {"userId":1,"id":4,"title":"et porro tempora","completed":true} {"timestamp":"2024-02-14T01:51:19.694Z"}
info: makeRequest response: {"userId":1,"id":8,"title":"quo adipisci enim quam ut ab","completed":true} {"timestamp":"2024-02-14T01:51:20.421Z"}
info: makeRequest response: {"userId":1,"id":10,"title":"illo est ratione doloremque quia maiores aut","completed":true} {"timestamp":"2024-02-14T01:51:20.427Z"}
info: makeRequest request: {"method":"get","url":"https://jsonplaceholder.typicode.com/todos/2"} {"timestamp":"2024-02-14T01:53:21.932Z"}
info: makeRequest request: {"method":"get","url":"https://jsonplaceholder.typicode.com/todos/4"} {"timestamp":"2024-02-14T01:53:21.954Z"}
info: makeRequest request: {"method":"get","url":"https://jsonplaceholder.typicode.com/todos/6"} {"timestamp":"2024-02-14T01:53:21.955Z"}
info: makeRequest request: {"method":"get","url":"https://jsonplaceholder.typicode.com/todos/8"} {"timestamp":"2024-02-14T01:53:21.956Z"}
info: makeRequest request: {"method":"get","url":"https://jsonplaceholder.typicode.com/todos/10"} {"timestamp":"2024-02-14T01:53:21.957Z"}
info: makeRequest request: {"method":"get","url":"https://jsonplaceholder.typicode.com/todos/12"} {"timestamp":"2024-02-14T01:53:21.958Z"}
info: makeRequest request: {"method":"get","url":"https://jsonplaceholder.typicode.com/todos/14"} {"timestamp":"2024-02-14T01:53:21.958Z"}
info: makeRequest request: {"method":"get","url":"https://jsonplaceholder.typicode.com/todos/16"} {"timestamp":"2024-02-14T01:53:21.958Z"}
info: makeRequest request: {"method":"get","url":"https://jsonplaceholder.typicode.com/todos/18"} {"timestamp":"2024-02-14T01:53:21.959Z"}
info: makeRequest request: {"method":"get","url":"https://jsonplaceholder.typicode.com/todos/20"} {"timestamp":"2024-02-14T01:53:21.959Z"}
info: makeRequest request: {"method":"get","url":"https://jsonplaceholder.typicode.com/todos/22"} {"timestamp":"2024-02-14T01:53:21.960Z"}
info: makeRequest request: {"method":"get","url":"https://jsonplaceholder.typicode.com/todos/24"} {"timestamp":"2024-02-14T01:53:21.961Z"}
info: makeRequest request: {"method":"get","url":"https://jsonplaceholder.typicode.com/todos/26"} {"timestamp":"2024-02-14T01:53:21.961Z"}
info: makeRequest request: {"method":"get","url":"https://jsonplaceholder.typicode.com/todos/28"} {"timestamp":"2024-02-14T01:53:21.962Z"}
info: makeRequest request: {"method":"get","url":"https://jsonplaceholder.typicode.com/todos/30"} {"timestamp":"2024-02-14T01:53:21.962Z"}
info: makeRequest request: {"method":"get","url":"https://jsonplaceholder.typicode.com/todos/32"} {"timestamp":"2024-02-14T01:53:21.963Z"}
info: makeRequest request: {"method":"get","url":"https://jsonplaceholder.typicode.com/todos/34"} {"timestamp":"2024-02-14T01:53:21.963Z"}
info: makeRequest request: {"method":"get","url":"https://jsonplaceholder.typicode.com/todos/36"} {"timestamp":"2024-02-14T01:53:21.964Z"}
info: makeRequest request: {"method":"get","url":"https://jsonplaceholder.typicode.com/todos/38"} {"timestamp":"2024-02-14T01:53:21.964Z"}
info: makeRequest request: {"method":"get","url":"https://jsonplaceholder.typicode.com/todos/40"} {"timestamp":"2024-02-14T01:53:21.965Z"}
info: makeRequest response: {"userId":1,"id":14,"title":"repellendus sunt dolores architecto voluptatum","completed":true} {"timestamp":"2024-02-14T01:53:22.784Z"}
info: makeRequest response: {"userId":1,"id":8,"title":"quo adipisci enim quam ut ab","completed":true} {"timestamp":"2024-02-14T01:53:22.785Z"}
info: makeRequest response: {"userId":1,"id":10,"title":"illo est ratione doloremque quia maiores aut","completed":true} {"timestamp":"2024-02-14T01:53:22.785Z"}
info: makeRequest response: {"userId":2,"id":34,"title":"porro aut necessitatibus eaque distinctio","completed":false} {"timestamp":"2024-02-14T01:53:22.785Z"}
info: makeRequest response: {"userId":1,"id":12,"title":"ipsa repellendus fugit nisi","completed":true} {"timestamp":"2024-02-14T01:53:22.785Z"}
info: makeRequest response: {"userId":1,"id":4,"title":"et porro tempora","completed":true} {"timestamp":"2024-02-14T01:53:22.785Z"}
info: makeRequest response: {"userId":1,"id":6,"title":"qui ullam ratione quibusdam voluptatem quia omnis","completed":false} {"timestamp":"2024-02-14T01:53:22.785Z"}
info: makeRequest response: {"userId":1,"id":2,"title":"quis ut nam facilis et officia qui","completed":false} {"timestamp":"2024-02-14T01:53:22.785Z"}
info: makeRequest response: {"userId":2,"id":30,"title":"nemo perspiciatis repellat ut dolor libero commodi blanditiis omnis","completed":true} {"timestamp":"2024-02-14T01:53:22.787Z"}
info: makeRequest response: {"userId":1,"id":16,"title":"accusamus eos facilis sint et aut voluptatem","completed":true} {"timestamp":"2024-02-14T01:53:22.787Z"}
info: makeRequest response: {"userId":2,"id":24,"title":"adipisci non ad dicta qui amet quaerat doloribus ea","completed":false} {"timestamp":"2024-02-14T01:53:22.788Z"}
info: makeRequest response: {"userId":2,"id":28,"title":"nesciunt totam sit blanditiis sit","completed":false} {"timestamp":"2024-02-14T01:53:22.788Z"}
info: makeRequest response: {"userId":2,"id":26,"title":"aliquam aut quasi","completed":true} {"timestamp":"2024-02-14T01:53:22.790Z"}
info: makeRequest response: {"userId":2,"id":36,"title":"excepturi deleniti adipisci voluptatem et neque optio illum ad","completed":true} {"timestamp":"2024-02-14T01:53:22.793Z"}
info: makeRequest response: {"userId":1,"id":20,"title":"ullam nobis libero sapiente ad optio sint","completed":true} {"timestamp":"2024-02-14T01:53:22.800Z"}
info: makeRequest response: {"userId":2,"id":32,"title":"earum doloribus ea doloremque quis","completed":false} {"timestamp":"2024-02-14T01:53:22.800Z"}
info: makeRequest response: {"userId":1,"id":18,"title":"dolorum est consequatur ea mollitia in culpa","completed":false} {"timestamp":"2024-02-14T01:53:22.802Z"}
info: makeRequest response: {"userId":2,"id":38,"title":"totam quia non","completed":false} {"timestamp":"2024-02-14T01:53:22.802Z"}
info: makeRequest response: {"userId":2,"id":22,"title":"distinctio vitae autem nihil ut molestias quo","completed":true} {"timestamp":"2024-02-14T01:53:22.803Z"}
info: makeRequest response: {"userId":2,"id":40,"title":"totam atque quo nesciunt","completed":true} {"timestamp":"2024-02-14T01:53:22.806Z"}
info: makeRequest request: {"method":"get","url":"https://example.com"} {"timestamp":"2024-02-14T01:53:37.517Z"}
error: Error fetching TODOs: Cannot read properties of undefined (reading 'id') {"timestamp":"2024-02-14T01:53:37.519Z"}
error: Failed to fetch TODO at index 0: Error: Test error {"timestamp":"2024-02-14T01:53:37.529Z"}
error: Failed to fetch TODO at index 1: Error: Test error {"timestamp":"2024-02-14T01:53:37.529Z"}
error: Failed to fetch TODO at index 2: Error: Test error {"timestamp":"2024-02-14T01:53:37.529Z"}
error: Failed to fetch TODO at index 3: Error: Test error {"timestamp":"2024-02-14T01:53:37.529Z"}
error: Failed to fetch TODO at index 4: Error: Test error {"timestamp":"2024-02-14T01:53:37.530Z"}
error: Failed to fetch TODO at index 5: Error: Test error {"timestamp":"2024-02-14T01:53:37.530Z"}
error: Failed to fetch TODO at index 6: Error: Test error {"timestamp":"2024-02-14T01:53:37.530Z"}
error: Failed to fetch TODO at index 7: Error: Test error {"timestamp":"2024-02-14T01:53:37.530Z"}
error: Failed to fetch TODO at index 8: Error: Test error {"timestamp":"2024-02-14T01:53:37.530Z"}
error: Failed to fetch TODO at index 9: Error: Test error {"timestamp":"2024-02-14T01:53:37.530Z"}
error: Failed to fetch TODO at index 10: Error: Test error {"timestamp":"2024-02-14T01:53:37.530Z"}
error: Failed to fetch TODO at index 11: Error: Test error {"timestamp":"2024-02-14T01:53:37.530Z"}
error: Failed to fetch TODO at index 12: Error: Test error {"timestamp":"2024-02-14T01:53:37.530Z"}
error: Failed to fetch TODO at index 13: Error: Test error {"timestamp":"2024-02-14T01:53:37.530Z"}
error: Failed to fetch TODO at index 14: Error: Test error {"timestamp":"2024-02-14T01:53:37.530Z"}
error: Failed to fetch TODO at index 15: Error: Test error {"timestamp":"2024-02-14T01:53:37.530Z"}
error: Failed to fetch TODO at index 16: Error: Test error {"timestamp":"2024-02-14T01:53:37.530Z"}
error: Failed to fetch TODO at index 17: Error: Test error {"timestamp":"2024-02-14T01:53:37.530Z"}
error: Failed to fetch TODO at index 18: Error: Test error {"timestamp":"2024-02-14T01:53:37.530Z"}
error: Failed to fetch TODO at index 19: Error: Test error {"timestamp":"2024-02-14T01:53:37.530Z"}
